<?xml version="1.0" encoding="UTF-8"?>
<!-- Generated by org.testng.reporters.JUnitXMLReporter -->
<testsuite hostname="Lenovo" failures="0" tests="9" name="smokeTest" time="14.243" errors="0" timestamp="28 Jan 2021 02:06:26 GMT">
  <testcase classname="com.hrms.tests.openBrowser" name="@BeforeMethod beforeClass" time="0.0">
    <failure type="org.openqa.selenium.SessionNotCreatedException" message="session not created
from chrome not reachable
  (Session info: chrome=87.0.4280.141)
Build info: version: &amp;apos;3.141.59&amp;apos;, revision: &amp;apos;e82be7d358&amp;apos;, time: &amp;apos;2018-11-14T08:17:03&amp;apos;
System info: host: &amp;apos;LENOVO&amp;apos;, ip: &amp;apos;192.168.1.207&amp;apos;, os.name: &amp;apos;Windows 10&amp;apos;, os.arch: &amp;apos;amd64&amp;apos;, os.version: &amp;apos;10.0&amp;apos;, java.version: &amp;apos;14.0.2&amp;apos;
Driver info: driver.version: Driver
remote stacktrace: Backtrace:
	Ordinal0 [0x00CCC0C3+3326147]
	Ordinal0 [0x00BB0851+2164817]
	Ordinal0 [0x00A37140+618816]
	Ordinal0 [0x00A2D404+578564]
	Ordinal0 [0x00A2DACB+580299]
	Ordinal0 [0x00A2ED35+585013]
	Ordinal0 [0x00A29D61+564577]
	Ordinal0 [0x00A382C0+623296]
	Ordinal0 [0x009D6BDD+224221]
	Ordinal0 [0x009D5CAC+220332]
	Ordinal0 [0x009D189B+202907]
	Ordinal0 [0x009B3DF4+81396]
	Ordinal0 [0x009B4DEE+85486]
	Ordinal0 [0x009B4D79+85369]
	Ordinal0 [0x00BC85DC+2262492]
	GetHandleVerifier [0x00E52874+1487204]
	GetHandleVerifier [0x00E523CD+1486013]
	GetHandleVerifier [0x00E5A368+1518680]
	GetHandleVerifier [0x00E52F4E+1488958]
	Ordinal0 [0x00BBED0D+2223373]
	Ordinal0 [0x00BCA12B+2269483]
	Ordinal0 [0x00BCA26F+2269807]
	Ordinal0 [0x00BDECB8+2354360]
	BaseThreadInitThunk [0x77D26359+25]
	RtlGetAppContainerNamedObjectPath [0x77E68944+228]
	RtlGetAppContainerNamedObjectPath [0x77E68914+180]
">
      <![CDATA[org.openqa.selenium.SessionNotCreatedException: session not created
from chrome not reachable
  (Session info: chrome=87.0.4280.141)
Build info: version: '3.141.59', revision: 'e82be7d358', time: '2018-11-14T08:17:03'
System info: host: 'LENOVO', ip: '192.168.1.207', os.name: 'Windows 10', os.arch: 'amd64', os.version: '10.0', java.version: '14.0.2'
Driver info: driver.version: Driver
remote stacktrace: Backtrace:
	Ordinal0 [0x00CCC0C3+3326147]
	Ordinal0 [0x00BB0851+2164817]
	Ordinal0 [0x00A37140+618816]
	Ordinal0 [0x00A2D404+578564]
	Ordinal0 [0x00A2DACB+580299]
	Ordinal0 [0x00A2ED35+585013]
	Ordinal0 [0x00A29D61+564577]
	Ordinal0 [0x00A382C0+623296]
	Ordinal0 [0x009D6BDD+224221]
	Ordinal0 [0x009D5CAC+220332]
	Ordinal0 [0x009D189B+202907]
	Ordinal0 [0x009B3DF4+81396]
	Ordinal0 [0x009B4DEE+85486]
	Ordinal0 [0x009B4D79+85369]
	Ordinal0 [0x00BC85DC+2262492]
	GetHandleVerifier [0x00E52874+1487204]
	GetHandleVerifier [0x00E523CD+1486013]
	GetHandleVerifier [0x00E5A368+1518680]
	GetHandleVerifier [0x00E52F4E+1488958]
	Ordinal0 [0x00BBED0D+2223373]
	Ordinal0 [0x00BCA12B+2269483]
	Ordinal0 [0x00BCA26F+2269807]
	Ordinal0 [0x00BDECB8+2354360]
	BaseThreadInitThunk [0x77D26359+25]
	RtlGetAppContainerNamedObjectPath [0x77E68944+228]
	RtlGetAppContainerNamedObjectPath [0x77E68914+180]

	at org.openqa.selenium.remote.W3CHandshakeResponse.lambda$errorHandler$0(W3CHandshakeResponse.java:62)
	at org.openqa.selenium.remote.HandshakeResponse.lambda$getResponseFunction$0(HandshakeResponse.java:30)
	at org.openqa.selenium.remote.ProtocolHandshake.lambda$createSession$0(ProtocolHandshake.java:126)
	at java.base/java.util.stream.ReferencePipeline$3$1.accept(ReferencePipeline.java:195)
	at java.base/java.util.Spliterators$ArraySpliterator.tryAdvance(Spliterators.java:958)
	at java.base/java.util.stream.ReferencePipeline.forEachWithCancel(ReferencePipeline.java:127)
	at java.base/java.util.stream.AbstractPipeline.copyIntoWithCancel(AbstractPipeline.java:502)
	at java.base/java.util.stream.AbstractPipeline.copyInto(AbstractPipeline.java:488)
	at java.base/java.util.stream.AbstractPipeline.wrapAndCopyInto(AbstractPipeline.java:474)
	at java.base/java.util.stream.FindOps$FindOp.evaluateSequential(FindOps.java:150)
	at java.base/java.util.stream.AbstractPipeline.evaluate(AbstractPipeline.java:234)
	at java.base/java.util.stream.ReferencePipeline.findFirst(ReferencePipeline.java:543)
	at org.openqa.selenium.remote.ProtocolHandshake.createSession(ProtocolHandshake.java:128)
	at org.openqa.selenium.remote.ProtocolHandshake.createSession(ProtocolHandshake.java:74)
	at org.openqa.selenium.remote.HttpCommandExecutor.execute(HttpCommandExecutor.java:136)
	at org.openqa.selenium.remote.service.DriverCommandExecutor.execute(DriverCommandExecutor.java:83)
	at org.openqa.selenium.remote.RemoteWebDriver.execute(RemoteWebDriver.java:552)
	at org.openqa.selenium.remote.RemoteWebDriver.startSession(RemoteWebDriver.java:213)
	at org.openqa.selenium.remote.RemoteWebDriver.<init>(RemoteWebDriver.java:131)
	at org.openqa.selenium.chrome.ChromeDriver.<init>(ChromeDriver.java:181)
	at org.openqa.selenium.chrome.ChromeDriver.<init>(ChromeDriver.java:168)
	at org.openqa.selenium.chrome.ChromeDriver.<init>(ChromeDriver.java:123)
	at com.hrms.testBase.Driver.getDriver(Driver.java:28)
	at com.hrms.tests.openBrowser.beforeClass(openBrowser.java:18)
... Removed 31 stack frames]]>
    </failure>
  </testcase> <!-- @BeforeMethod beforeClass -->
  <testcase classname="com.hrms.tests.openBrowser" name="@AfterMethod afterClass" time="0.0">
    <skipped/>
  </testcase> <!-- @AfterMethod afterClass -->
  <testcase classname="com.hrms.tests.openBrowser" name="test1" time="0.002">
    <skipped/>
  </testcase> <!-- test1 -->
  <testcase classname="com.hrms.tests.priorityTesting" name="test4" time="0.002"/>
  <testcase classname="com.hrms.tests.priorityTesting" name="test5" time="0.002"/>
  <testcase classname="com.hrms.tests.priorityTesting" name="test6" time="0.002"/>
  <testcase classname="com.hrms.tests.priorityTesting" name="test7" time="0.002"/>
  <testcase classname="com.hrms.tests.TestingAnnotations" name="testCase1" time="0.005"/>
  <testcase classname="com.hrms.tests.TestingAnnotations" name="testCase2" time="0.007"/>
  <testcase classname="com.hrms.tests.priorityTesting" name="test2" time="0.003"/>
  <testcase classname="com.hrms.tests.priorityTesting" name="test1" time="0.002"/>
</testsuite> <!-- smokeTest -->
